<?xml version="1.0" encoding="UTF-8"?>
<!-- Generated by org.testng.reporters.JUnitXMLReporter -->
<testsuite ignored="0" hostname="Subhajit_PC" failures="0" tests="3" name="Test" time="26.133" errors="0" timestamp="2022-03-19T20:48:32 IST">
  <testcase classname="framework.LoginPageTests" name="loginApp" time="9.583"/>
  <testcase classname="framework.LoginPageTests" name="loginApp" time="8.12"/>
  <testcase classname="framework.HomePageTests" name="addNewCusomter" time="8.383"/>
</testsuite> <!-- Test -->
