<?xml version="1.0" encoding="UTF-8"?>
<!-- Generated by org.testng.reporters.JUnitXMLReporter -->
<testsuite ignored="0" hostname="Subhajit_PC" failures="0" tests="3" name="Test" time="42.366" errors="0" timestamp="2022-03-20T17:48:03 IST">
  <testcase classname="framework.LoginPageTests" name="loginApp" time="11.481"/>
  <testcase classname="framework.LoginPageTests" name="loginApp" time="8.401"/>
  <testcase classname="framework.HomePageTests" name="addNewCusomter" time="3.789"/>
</testsuite> <!-- Test -->
