<?xml version="1.0" encoding="UTF-8"?>
<!-- Generated by org.testng.reporters.JUnitXMLReporter -->
<testsuite ignored="0" hostname="Subhajit_PC" failures="0" tests="3" name="Test" time="42.039" errors="0" timestamp="2022-03-20T21:29:28 IST">
  <testcase classname="framework.LoginPageTests" name="loginApp" time="9.144"/>
  <testcase classname="framework.LoginPageTests" name="loginApp" time="12.119"/>
  <testcase classname="framework.HomePageTests" name="addNewCusomter" time="3.54"/>
</testsuite> <!-- Test -->
