<?xml version="1.0" encoding="UTF-8"?>
<testng-results ignored="0" total="3" passed="3" failed="0" skipped="0">
  <reporter-output>
  </reporter-output>
  <suite started-at="2022-03-20T21:28:46 IST" name="Suite" finished-at="2022-03-20T21:29:28 IST" duration-ms="42039">
    <groups>
    </groups>
    <test started-at="2022-03-20T21:28:46 IST" name="Test" finished-at="2022-03-20T21:29:28 IST" duration-ms="42039">
      <class name="framework.HomePageTests">
        <test-method is-config="true" signature="beforeTest()[pri:0, instance:framework.HomePageTests@6a400542]" started-at="2022-03-20T21:28:46 IST" name="beforeTest" finished-at="2022-03-20T21:28:55 IST" duration-ms="8579" status="PASS">
          <reporter-output>
          </reporter-output>
        </test-method> <!-- beforeTest -->
        <test-method signature="addNewCusomter(java.lang.String,java.lang.String)[pri:0, instance:framework.HomePageTests@6a400542]" started-at="2022-03-20T21:29:25 IST" name="addNewCusomter" data-provider="getLoginData" finished-at="2022-03-20T21:29:28 IST" duration-ms="3540" status="PASS">
          <params>
            <param index="0">
              <value>
                <![CDATA[mngr391577]]>
              </value>
            </param>
            <param index="1">
              <value>
                <![CDATA[bEjebyd]]>
              </value>
            </param>
          </params>
          <reporter-output>
          </reporter-output>
        </test-method> <!-- addNewCusomter -->
        <test-method is-config="true" signature="tearDown()[pri:0, instance:framework.HomePageTests@6a400542]" started-at="2022-03-20T21:29:28 IST" name="tearDown" finished-at="2022-03-20T21:29:28 IST" duration-ms="127" status="PASS">
          <reporter-output>
          </reporter-output>
        </test-method> <!-- tearDown -->
      </class> <!-- framework.HomePageTests -->
      <class name="framework.LoginPageTests">
        <test-method is-config="true" signature="beforeTest()[pri:0, instance:framework.LoginPageTests@353d0772]" started-at="2022-03-20T21:28:55 IST" name="beforeTest" finished-at="2022-03-20T21:29:03 IST" duration-ms="8382" status="PASS">
          <reporter-output>
          </reporter-output>
        </test-method> <!-- beforeTest -->
        <test-method signature="loginApp(java.lang.String,java.lang.String)[pri:0, instance:framework.LoginPageTests@353d0772]" started-at="2022-03-20T21:29:03 IST" name="loginApp" data-provider="getLoginData" finished-at="2022-03-20T21:29:12 IST" duration-ms="9144" status="PASS">
          <params>
            <param index="0">
              <value>
                <![CDATA[mngr391577]]>
              </value>
            </param>
            <param index="1">
              <value>
                <![CDATA[bEjebyd]]>
              </value>
            </param>
          </params>
          <reporter-output>
          </reporter-output>
        </test-method> <!-- loginApp -->
        <test-method signature="loginApp(java.lang.String,java.lang.String)[pri:0, instance:framework.LoginPageTests@353d0772]" started-at="2022-03-20T21:29:12 IST" name="loginApp" data-provider="getLoginData" finished-at="2022-03-20T21:29:25 IST" duration-ms="12119" status="PASS">
          <params>
            <param index="0">
              <value>
                <![CDATA[mngr391577]]>
              </value>
            </param>
            <param index="1">
              <value>
                <![CDATA[bEjebyd]]>
              </value>
            </param>
          </params>
          <reporter-output>
          </reporter-output>
        </test-method> <!-- loginApp -->
        <test-method is-config="true" signature="tearDown()[pri:0, instance:framework.LoginPageTests@353d0772]" started-at="2022-03-20T21:29:28 IST" name="tearDown" finished-at="2022-03-20T21:29:28 IST" duration-ms="120" status="PASS">
          <reporter-output>
          </reporter-output>
        </test-method> <!-- tearDown -->
      </class> <!-- framework.LoginPageTests -->
    </test> <!-- Test -->
  </suite> <!-- Suite -->
</testng-results>
