<?xml version="1.0" encoding="UTF-8"?>
<testsuite xmlns:xsi="http://www.w3.org/2001/XMLSchema-instance" xsi:noNamespaceSchemaLocation="https://maven.apache.org/surefire/maven-surefire-plugin/xsd/surefire-test-report-3.0.xsd" version="3.0" name="TestSuite" time="9.401" tests="2" errors="0" skipped="0" failures="1">
  <properties>
[...]
</properties>
  <testcase name="loginApp[mngr391577, bEjebyd](1)" classname="framework.LoginPageTests" time="1.537">
    <system-err><![CDATA[SLF4J: Failed to load class "org.slf4j.impl.StaticLoggerBinder".
SLF4J: Defaulting to no-operation (NOP) logger implementation
SLF4J: See http://www.slf4j.org/codes.html#StaticLoggerBinder for further details.
SStatratirntgi nCg hCrhormoemDerDirvievre r9 999..00..44884444..5511  ((dd553377eecc002244774b45ba5faef23e6238648e4e79673d95633d85839868c9663cac776-3raecf7s7/-brreafnsc/hb-rhaenacdhs-/h4e8a4d4s@/{4#884745@}{) #o8n7 5p}o)r ton  6p0o3r0t3 5
0O9n7l1y 
locOanll yc olnoncealct icoonnsn eacrtei oanlsl oawreed .al
lPloeawse esede. h
tPtlpesa:s/e/ csheroem ehdtrtipvse:r/./cchhrroommieudmri.voerrg./cshercoumriiutmy.-ocorg/nsseicduerriattyi-ocnosn sfiodre rsautgigoensst ifoonrs s uong gkeeesptiinog nsC horn koemeDreivpeirn gs aCfher.om
eDriver safe.
CChrhormoeDmreiDverr iwver asw satsa rtsetd asrutcceessdfu llsyu.c
cessfully.
Mar 21, 2022 2:42:28 PM org.openqa.selenium.remote.ProtocolHandshake createSession
INFO: Detected dialect: W3C
Mar 21, 2022 2:42:28 PM org.openqa.selenium.remote.ProtocolHandshake createSession
INFO: Detected dialect: W3C
Mar 21, 2022 2:42:28 PM org.openqa.selenium.devtools.CdpVersionFinder findNearestMatch
WARNING: Unable to find an exact match for CDP version 99, so returning the closest version found: 97
Mar 21, 2022 2:42:28 PM org.openqa.selenium.devtools.CdpVersionFinder findNearestMatch
WARNING: Unable to find an exact match for CDP version 99, so returning the closest version found: 97
Mar 21, 2022 2:42:28 PM org.openqa.selenium.devtools.CdpVersionFinder findNearestMatch
INFO: Found CDP implementation for version 99 of 97
Mar 21, 2022 2:42:28 PM org.openqa.selenium.devtools.CdpVersionFinder findNearestMatch
INFO: Found CDP implementation for version 99 of 97
]]></system-err>
  </testcase>
  <testcase name="addNewCusomter[mngr391577, bEjebydaa](1)" classname="framework.HomePageTests" time="2.237">
    <failure message="unexpected alert open: {Alert text : User or Password is not valid}&#10;  (Session info: chrome=99.0.4844.82): User or Password is not valid&#10;Build info: version: &apos;4.1.2&apos;, revision: &apos;9a5a329c5a&apos;&#10;System info: host: &apos;SUBHAJIT_PC&apos;, ip: &apos;192.168.1.61&apos;, os.name: &apos;Windows 11&apos;, os.arch: &apos;amd64&apos;, os.version: &apos;10.0&apos;, java.version: &apos;11.0.14&apos;&#10;Driver info: org.openqa.selenium.chrome.ChromeDriver&#10;Command: [feb4c2afe1d15139fd2cc3d4bb9bf2b0, findElement {using=xpath, value=/html/body/div[3]/div/ul/li[2]/a}]&#10;Capabilities {acceptInsecureCerts: false, browserName: chrome, browserVersion: 99.0.4844.82, chrome: {chromedriverVersion: 99.0.4844.51 (d537ec02474b5..., userDataDir: C:\Users\subha\AppData\Loca...}, goog:chromeOptions: {debuggerAddress: localhost:49852}, javascriptEnabled: true, networkConnectionEnabled: false, pageLoadStrategy: normal, platform: WINDOWS, platformName: WINDOWS, proxy: Proxy(), se:cdp: ws://localhost:49852/devtoo..., se:cdpVersion: 99.0.4844.82, setWindowRect: true, strictFileInteractability: false, timeouts: {implicit: 0, pageLoad: 300000, script: 30000}, unhandledPromptBehavior: dismiss and notify, webauthn:extension:credBlob: true, webauthn:extension:largeBlob: true, webauthn:virtualAuthenticators: true}&#10;Session ID: feb4c2afe1d15139fd2cc3d4bb9bf2b0" type="org.openqa.selenium.UnhandledAlertException"><![CDATA[org.openqa.selenium.UnhandledAlertException: 
unexpected alert open: {Alert text : User or Password is not valid}
  (Session info: chrome=99.0.4844.82): User or Password is not valid
Build info: version: '4.1.2', revision: '9a5a329c5a'
System info: host: 'SUBHAJIT_PC', ip: '192.168.1.61', os.name: 'Windows 11', os.arch: 'amd64', os.version: '10.0', java.version: '11.0.14'
Driver info: org.openqa.selenium.chrome.ChromeDriver
Command: [feb4c2afe1d15139fd2cc3d4bb9bf2b0, findElement {using=xpath, value=/html/body/div[3]/div/ul/li[2]/a}]
Capabilities {acceptInsecureCerts: false, browserName: chrome, browserVersion: 99.0.4844.82, chrome: {chromedriverVersion: 99.0.4844.51 (d537ec02474b5..., userDataDir: C:\Users\subha\AppData\Loca...}, goog:chromeOptions: {debuggerAddress: localhost:49852}, javascriptEnabled: true, networkConnectionEnabled: false, pageLoadStrategy: normal, platform: WINDOWS, platformName: WINDOWS, proxy: Proxy(), se:cdp: ws://localhost:49852/devtoo..., se:cdpVersion: 99.0.4844.82, setWindowRect: true, strictFileInteractability: false, timeouts: {implicit: 0, pageLoad: 300000, script: 30000}, unhandledPromptBehavior: dismiss and notify, webauthn:extension:credBlob: true, webauthn:extension:largeBlob: true, webauthn:virtualAuthenticators: true}
Session ID: feb4c2afe1d15139fd2cc3d4bb9bf2b0
	at framework.HomePageTests.addNewCusomter(HomePageTests.java:37)
]]></failure>
  </testcase>
</testsuite>