<?xml version="1.0" encoding="UTF-8"?>
<testng-results ignored="0" total="3" passed="3" failed="0" skipped="0">
  <reporter-output>
  </reporter-output>
  <suite started-at="2022-03-20T22:07:18 IST" name="Suite" finished-at="2022-03-20T22:07:50 IST" duration-ms="32714">
    <groups>
    </groups>
    <test started-at="2022-03-20T22:07:18 IST" name="TestAfterLogin" finished-at="2022-03-20T22:07:35 IST" duration-ms="17442">
      <class name="framework.HomePageTests">
        <test-method is-config="true" signature="beforeTest()[pri:0, instance:framework.HomePageTests@291ae]" started-at="2022-03-20T22:07:18 IST" name="beforeTest" finished-at="2022-03-20T22:07:30 IST" duration-ms="12505" status="PASS">
          <reporter-output>
          </reporter-output>
        </test-method> <!-- beforeTest -->
        <test-method signature="addNewCusomter(java.lang.String,java.lang.String)[pri:0, instance:framework.HomePageTests@291ae]" started-at="2022-03-20T22:07:30 IST" name="addNewCusomter" data-provider="getLoginData" finished-at="2022-03-20T22:07:35 IST" duration-ms="4806" status="PASS">
          <params>
            <param index="0">
              <value>
                <![CDATA[mngr391577]]>
              </value>
            </param>
            <param index="1">
              <value>
                <![CDATA[bEjebyd]]>
              </value>
            </param>
          </params>
          <reporter-output>
          </reporter-output>
        </test-method> <!-- addNewCusomter -->
        <test-method is-config="true" signature="tearDown()[pri:0, instance:framework.HomePageTests@291ae]" started-at="2022-03-20T22:07:35 IST" name="tearDown" finished-at="2022-03-20T22:07:35 IST" duration-ms="121" status="PASS">
          <reporter-output>
          </reporter-output>
        </test-method> <!-- tearDown -->
      </class> <!-- framework.HomePageTests -->
    </test> <!-- TestAfterLogin -->
    <test started-at="2022-03-20T22:07:18 IST" name="TestLogin" finished-at="2022-03-20T22:07:50 IST" duration-ms="32714">
      <class name="framework.LoginPageTests">
        <test-method is-config="true" signature="beforeTest()[pri:0, instance:framework.LoginPageTests@67a20f67]" started-at="2022-03-20T22:07:18 IST" name="beforeTest" finished-at="2022-03-20T22:07:28 IST" duration-ms="9981" status="PASS">
          <reporter-output>
          </reporter-output>
        </test-method> <!-- beforeTest -->
        <test-method signature="loginApp(java.lang.String,java.lang.String)[pri:0, instance:framework.LoginPageTests@67a20f67]" started-at="2022-03-20T22:07:28 IST" name="loginApp" data-provider="getLoginData" finished-at="2022-03-20T22:07:38 IST" duration-ms="10001" status="PASS">
          <params>
            <param index="0">
              <value>
                <![CDATA[mngr391577]]>
              </value>
            </param>
            <param index="1">
              <value>
                <![CDATA[bEjebyd]]>
              </value>
            </param>
          </params>
          <reporter-output>
          </reporter-output>
        </test-method> <!-- loginApp -->
        <test-method signature="loginApp(java.lang.String,java.lang.String)[pri:0, instance:framework.LoginPageTests@67a20f67]" started-at="2022-03-20T22:07:38 IST" name="loginApp" data-provider="getLoginData" finished-at="2022-03-20T22:07:50 IST" duration-ms="12559" status="PASS">
          <params>
            <param index="0">
              <value>
                <![CDATA[mngr391577]]>
              </value>
            </param>
            <param index="1">
              <value>
                <![CDATA[bEjebyd]]>
              </value>
            </param>
          </params>
          <reporter-output>
          </reporter-output>
        </test-method> <!-- loginApp -->
        <test-method is-config="true" signature="tearDown()[pri:0, instance:framework.LoginPageTests@67a20f67]" started-at="2022-03-20T22:07:50 IST" name="tearDown" finished-at="2022-03-20T22:07:50 IST" duration-ms="149" status="PASS">
          <reporter-output>
          </reporter-output>
        </test-method> <!-- tearDown -->
      </class> <!-- framework.LoginPageTests -->
    </test> <!-- TestLogin -->
  </suite> <!-- Suite -->
</testng-results>
