<?xml version="1.0" encoding="UTF-8"?>
<testng-results ignored="0" total="2" passed="2" failed="0" skipped="0">
  <reporter-output>
  </reporter-output>
  <suite started-at="2022-03-18T22:15:14 IST" name="Default suite" finished-at="2022-03-18T22:15:42 IST" duration-ms="27451">
    <groups>
    </groups>
    <test started-at="2022-03-18T22:15:14 IST" name="Default test" finished-at="2022-03-18T22:15:42 IST" duration-ms="27451">
      <class name="framework.LoginPageTests">
        <test-method signature="loginApp(java.lang.String,java.lang.String)[pri:0, instance:framework.LoginPageTests@32eff876]" started-at="2022-03-18T22:15:14 IST" name="loginApp" data-provider="getLoginData" finished-at="2022-03-18T22:15:31 IST" duration-ms="16544" status="PASS">
          <params>
            <param index="0">
              <value>
                <![CDATA[mngr391577]]>
              </value>
            </param>
            <param index="1">
              <value>
                <![CDATA[bEjebyd]]>
              </value>
            </param>
          </params>
          <reporter-output>
          </reporter-output>
        </test-method> <!-- loginApp -->
        <test-method signature="loginApp(java.lang.String,java.lang.String)[pri:0, instance:framework.LoginPageTests@32eff876]" started-at="2022-03-18T22:15:31 IST" name="loginApp" data-provider="getLoginData" finished-at="2022-03-18T22:15:42 IST" duration-ms="10863" status="PASS">
          <params>
            <param index="0">
              <value>
                <![CDATA[mngr391577]]>
              </value>
            </param>
            <param index="1">
              <value>
                <![CDATA[bEjebyd]]>
              </value>
            </param>
          </params>
          <reporter-output>
          </reporter-output>
        </test-method> <!-- loginApp -->
      </class> <!-- framework.LoginPageTests -->
    </test> <!-- Default test -->
  </suite> <!-- Default suite -->
</testng-results>
