<?xml version="1.0" encoding="UTF-8"?>
<testng-results ignored="0" total="3" passed="3" failed="0" skipped="0">
  <reporter-output>
  </reporter-output>
  <suite started-at="2022-03-20T22:03:13 IST" name="Suite" finished-at="2022-03-20T22:03:51 IST" duration-ms="38157">
    <groups>
    </groups>
    <test started-at="2022-03-20T22:03:13 IST" name="TestLogin" finished-at="2022-03-20T22:03:42 IST" duration-ms="29069">
      <class name="framework.LoginPageTests">
        <test-method is-config="true" signature="beforeTest()[pri:0, instance:framework.LoginPageTests@2d7275fc]" started-at="2022-03-20T22:03:13 IST" name="beforeTest" finished-at="2022-03-20T22:03:21 IST" duration-ms="7907" status="PASS">
          <reporter-output>
          </reporter-output>
        </test-method> <!-- beforeTest -->
        <test-method signature="loginApp(java.lang.String,java.lang.String)[pri:0, instance:framework.LoginPageTests@2d7275fc]" started-at="2022-03-20T22:03:21 IST" name="loginApp" data-provider="getLoginData" finished-at="2022-03-20T22:03:31 IST" duration-ms="10714" status="PASS">
          <params>
            <param index="0">
              <value>
                <![CDATA[mngr391577]]>
              </value>
            </param>
            <param index="1">
              <value>
                <![CDATA[bEjebyd]]>
              </value>
            </param>
          </params>
          <reporter-output>
          </reporter-output>
        </test-method> <!-- loginApp -->
        <test-method signature="loginApp(java.lang.String,java.lang.String)[pri:0, instance:framework.LoginPageTests@2d7275fc]" started-at="2022-03-20T22:03:31 IST" name="loginApp" data-provider="getLoginData" finished-at="2022-03-20T22:03:42 IST" duration-ms="10280" status="PASS">
          <params>
            <param index="0">
              <value>
                <![CDATA[mngr391577]]>
              </value>
            </param>
            <param index="1">
              <value>
                <![CDATA[bEjebyd]]>
              </value>
            </param>
          </params>
          <reporter-output>
          </reporter-output>
        </test-method> <!-- loginApp -->
        <test-method is-config="true" signature="tearDown()[pri:0, instance:framework.LoginPageTests@2d7275fc]" started-at="2022-03-20T22:03:42 IST" name="tearDown" finished-at="2022-03-20T22:03:42 IST" duration-ms="138" status="PASS">
          <reporter-output>
          </reporter-output>
        </test-method> <!-- tearDown -->
      </class> <!-- framework.LoginPageTests -->
    </test> <!-- TestLogin -->
    <test started-at="2022-03-20T22:03:42 IST" name="TestAfterLogin" finished-at="2022-03-20T22:03:51 IST" duration-ms="9060">
      <class name="framework.HomePageTests">
        <test-method is-config="true" signature="beforeTest()[pri:0, instance:framework.HomePageTests@6302bbb1]" started-at="2022-03-20T22:03:42 IST" name="beforeTest" finished-at="2022-03-20T22:03:48 IST" duration-ms="6488" status="PASS">
          <reporter-output>
          </reporter-output>
        </test-method> <!-- beforeTest -->
        <test-method signature="addNewCusomter(java.lang.String,java.lang.String)[pri:0, instance:framework.HomePageTests@6302bbb1]" started-at="2022-03-20T22:03:48 IST" name="addNewCusomter" data-provider="getLoginData" finished-at="2022-03-20T22:03:51 IST" duration-ms="2448" status="PASS">
          <params>
            <param index="0">
              <value>
                <![CDATA[mngr391577]]>
              </value>
            </param>
            <param index="1">
              <value>
                <![CDATA[bEjebyd]]>
              </value>
            </param>
          </params>
          <reporter-output>
          </reporter-output>
        </test-method> <!-- addNewCusomter -->
        <test-method is-config="true" signature="tearDown()[pri:0, instance:framework.HomePageTests@6302bbb1]" started-at="2022-03-20T22:03:51 IST" name="tearDown" finished-at="2022-03-20T22:03:51 IST" duration-ms="121" status="PASS">
          <reporter-output>
          </reporter-output>
        </test-method> <!-- tearDown -->
      </class> <!-- framework.HomePageTests -->
    </test> <!-- TestAfterLogin -->
  </suite> <!-- Suite -->
</testng-results>
